# JRE version: OpenJDK Runtime Environment (17.0.2+8) (build 17.0.2+8-86)
# Java VM: OpenJDK 64-Bit Server VM (17.0.2+8-86, mixed mode, emulated-client, sharing, tiered, compressed oops, compressed class ptrs, g1 gc, windows-amd64)
GC Precious Log:
 CPUs: 6 total, 6 available
 Memory: 32702M
 Large Page Support: Disabled
 NUMA Support: Disabled
 Compressed Oops: Enabled (Zero based)
 Heap Region Size: 4M
 Heap Min Capacity: 8M
 Heap Initial Capacity: 512M
 Heap Max Capacity: 8176M
 Pre-touch: Disabled
 Parallel Workers: 6
 Concurrent Workers: 2
 Concurrent Refinement Workers: 6
 Periodic GC: Disabled
Heap:
 garbage-first heap   total 69632K, used 21845K [0x0000000601000000, 0x0000000800000000)
  region size 4096K, 2 young (8192K), 1 survivors (4096K)
 Metaspace       used 29633K, committed 30016K, reserved 1081344K
  class space    used 3894K, committed 4096K, reserved 1048576K
GC Heap History (11 events):
Event: 0.508 GC heap before
{Heap before GC invocations=0 (full 0):
 garbage-first heap   total 524288K, used 20480K [0x0000000601000000, 0x0000000800000000)
  region size 4096K, 6 young (24576K), 0 survivors (0K)
 Metaspace       used 6751K, committed 6976K, reserved 1056768K
  class space    used 826K, committed 960K, reserved 1048576K
}
Event: 0.511 GC heap after
{Heap after GC invocations=1 (full 0):
 garbage-first heap   total 524288K, used 7307K [0x0000000601000000, 0x0000000800000000)
  region size 4096K, 1 young (4096K), 1 survivors (4096K)
 Metaspace       used 6751K, committed 6976K, reserved 1056768K
  class space    used 826K, committed 960K, reserved 1048576K
}
Event: 0.662 GC heap before
{Heap before GC invocations=1 (full 0):
 garbage-first heap   total 524288K, used 27787K [0x0000000601000000, 0x0000000800000000)
  region size 4096K, 6 young (24576K), 1 survivors (4096K)
 Metaspace       used 11419K, committed 11648K, reserved 1064960K
  class space    used 1540K, committed 1664K, reserved 1048576K
}
Event: 0.664 GC heap after
{Heap after GC invocations=2 (full 0):
 garbage-first heap   total 524288K, used 9673K [0x0000000601000000, 0x0000000800000000)
  region size 4096K, 1 young (4096K), 1 survivors (4096K)
 Metaspace       used 11419K, committed 11648K, reserved 1064960K
  class space    used 1540K, committed 1664K, reserved 1048576K
}
Event: 0.897 GC heap before
{Heap before GC invocations=2 (full 0):
 garbage-first heap   total 524288K, used 46537K [0x0000000601000000, 0x0000000800000000)
  region size 4096K, 10 young (40960K), 1 survivors (4096K)
 Metaspace       used 18214K, committed 18496K, reserved 1064960K
  class space    used 2448K, committed 2560K, reserved 1048576K
}
Event: 0.899 GC heap after
{Heap after GC invocations=3 (full 0):
 garbage-first heap   total 524288K, used 11792K [0x0000000601000000, 0x0000000800000000)
  region size 4096K, 1 young (4096K), 1 survivors (4096K)
 Metaspace       used 18214K, committed 18496K, reserved 1064960K
  class space    used 2448K, committed 2560K, reserved 1048576K
}
Event: 1.112 GC heap before
{Heap before GC invocations=3 (full 0):
 garbage-first heap   total 524288K, used 40464K [0x0000000601000000, 0x0000000800000000)
  region size 4096K, 9 young (36864K), 1 survivors (4096K)
 Metaspace       used 21220K, committed 21504K, reserved 1073152K
  class space    used 2905K, committed 3072K, reserved 1048576K
}
Event: 1.115 GC heap after
{Heap after GC invocations=4 (full 0):
 garbage-first heap   total 524288K, used 13761K [0x0000000601000000, 0x0000000800000000)
  region size 4096K, 2 young (8192K), 2 survivors (8192K)
 Metaspace       used 21220K, committed 21504K, reserved 1073152K
  class space    used 2905K, committed 3072K, reserved 1048576K
}
Event: 1.497 GC heap before
{Heap before GC invocations=5 (full 0):
 garbage-first heap   total 69632K, used 50625K [0x0000000601000000, 0x0000000800000000)
  region size 4096K, 12 young (49152K), 2 survivors (8192K)
 Metaspace       used 28631K, committed 28928K, reserved 1081344K
  class space    used 3795K, committed 3968K, reserved 1048576K
}
Event: 1.502 GC heap after
{Heap after GC invocations=6 (full 0):
 garbage-first heap   total 69632K, used 17760K [0x0000000601000000, 0x0000000800000000)
  region size 4096K, 3 young (12288K), 3 survivors (12288K)
 Metaspace       used 28631K, committed 28928K, reserved 1081344K
  class space    used 3795K, committed 3968K, reserved 1048576K
}
Event: 1.545 GC heap before
{Heap before GC invocations=6 (full 0):
 garbage-first heap   total 69632K, used 17760K [0x0000000601000000, 0x0000000800000000)
  region size 4096K, 4 young (16384K), 3 survivors (12288K)
 Metaspace       used 29633K, committed 30016K, reserved 1081344K
  class space    used 3894K, committed 4096K, reserved 1048576K
}

